[2024-09-11 23:39:00,239] INFO Reading configuration from: config/zookeeper.properties (org.apache.zookeeper.server.quorum.QuorumPeerConfig)
[2024-09-11 23:39:00,242] WARN config/zookeeper.properties is relative. Prepend ./ to indicate that you're sure! (org.apache.zookeeper.server.quorum.QuorumPeerConfig)
[2024-09-11 23:39:00,255] INFO clientPortAddress is 0.0.0.0:2181 (org.apache.zookeeper.server.quorum.QuorumPeerConfig)
[2024-09-11 23:39:00,256] INFO secureClientPort is not set (org.apache.zookeeper.server.quorum.QuorumPeerConfig)
[2024-09-11 23:39:00,256] INFO observerMasterPort is not set (org.apache.zookeeper.server.quorum.QuorumPeerConfig)
[2024-09-11 23:39:00,256] INFO metricsProvider.className is org.apache.zookeeper.metrics.impl.DefaultMetricsProvider (org.apache.zookeeper.server.quorum.QuorumPeerConfig)
[2024-09-11 23:39:00,261] INFO autopurge.snapRetainCount set to 3 (org.apache.zookeeper.server.DatadirCleanupManager)
[2024-09-11 23:39:00,261] INFO autopurge.purgeInterval set to 0 (org.apache.zookeeper.server.DatadirCleanupManager)
[2024-09-11 23:39:00,262] INFO Purge task is not scheduled. (org.apache.zookeeper.server.DatadirCleanupManager)
[2024-09-11 23:39:00,262] WARN Either no config or no quorum defined in config, running in standalone mode (org.apache.zookeeper.server.quorum.QuorumPeerMain)
[2024-09-11 23:39:00,265] INFO Log4j 1.2 jmx support not found; jmx disabled. (org.apache.zookeeper.jmx.ManagedUtil)
[2024-09-11 23:39:00,267] INFO Reading configuration from: config/zookeeper.properties (org.apache.zookeeper.server.quorum.QuorumPeerConfig)
[2024-09-11 23:39:00,268] WARN config/zookeeper.properties is relative. Prepend ./ to indicate that you're sure! (org.apache.zookeeper.server.quorum.QuorumPeerConfig)
[2024-09-11 23:39:00,275] INFO clientPortAddress is 0.0.0.0:2181 (org.apache.zookeeper.server.quorum.QuorumPeerConfig)
[2024-09-11 23:39:00,275] INFO secureClientPort is not set (org.apache.zookeeper.server.quorum.QuorumPeerConfig)
[2024-09-11 23:39:00,276] INFO observerMasterPort is not set (org.apache.zookeeper.server.quorum.QuorumPeerConfig)
[2024-09-11 23:39:00,276] INFO metricsProvider.className is org.apache.zookeeper.metrics.impl.DefaultMetricsProvider (org.apache.zookeeper.server.quorum.QuorumPeerConfig)
[2024-09-11 23:39:00,277] INFO Starting server (org.apache.zookeeper.server.ZooKeeperServerMain)
[2024-09-11 23:39:00,305] INFO ServerMetrics initialized with provider org.apache.zookeeper.metrics.impl.DefaultMetricsProvider@2aa5fe93 (org.apache.zookeeper.server.ServerMetrics)
[2024-09-11 23:39:00,313] INFO zookeeper.snapshot.trust.empty : false (org.apache.zookeeper.server.persistence.FileTxnSnapLog)
[2024-09-11 23:39:00,334] INFO  (org.apache.zookeeper.server.ZooKeeperServer)
[2024-09-11 23:39:00,335] INFO   ______                  _                                           (org.apache.zookeeper.server.ZooKeeperServer)
[2024-09-11 23:39:00,335] INFO  |___  /                 | |                                          (org.apache.zookeeper.server.ZooKeeperServer)
[2024-09-11 23:39:00,336] INFO     / /    ___     ___   | | __   ___    ___   _ __     ___   _ __    (org.apache.zookeeper.server.ZooKeeperServer)
[2024-09-11 23:39:00,336] INFO    / /    / _ \   / _ \  | |/ /  / _ \  / _ \ | '_ \   / _ \ | '__| (org.apache.zookeeper.server.ZooKeeperServer)
[2024-09-11 23:39:00,336] INFO   / /__  | (_) | | (_) | |   <  |  __/ |  __/ | |_) | |  __/ | |     (org.apache.zookeeper.server.ZooKeeperServer)
[2024-09-11 23:39:00,337] INFO  /_____|  \___/   \___/  |_|\_\  \___|  \___| | .__/   \___| |_| (org.apache.zookeeper.server.ZooKeeperServer)
[2024-09-11 23:39:00,337] INFO                                               | |                      (org.apache.zookeeper.server.ZooKeeperServer)
[2024-09-11 23:39:00,338] INFO                                               |_|                      (org.apache.zookeeper.server.ZooKeeperServer)
[2024-09-11 23:39:00,338] INFO  (org.apache.zookeeper.server.ZooKeeperServer)
[2024-09-11 23:39:00,343] INFO Server environment:zookeeper.version=3.6.4--d65253dcf68e9097c6e95a126463fd5fdeb4521c, built on 12/18/2022 18:10 GMT (org.apache.zookeeper.server.ZooKeeperServer)
[2024-09-11 23:39:00,343] INFO Server environment:host.name=DESKTOP-8P70CGR. (org.apache.zookeeper.server.ZooKeeperServer)
[2024-09-11 23:39:00,344] INFO Server environment:java.version=11.0.24 (org.apache.zookeeper.server.ZooKeeperServer)
[2024-09-11 23:39:00,344] INFO Server environment:java.vendor=Ubuntu (org.apache.zookeeper.server.ZooKeeperServer)
[2024-09-11 23:39:00,344] INFO Server environment:java.home=/usr/lib/jvm/java-11-openjdk-amd64 (org.apache.zookeeper.server.ZooKeeperServer)
[2024-09-11 23:39:00,345] INFO Server environment:java.class.path=/mnt/c/Users/Admin/assesment/kafka_2.13-3.5.1/bin/../libs/activation-1.1.1.jar:/mnt/c/Users/Admin/assesment/kafka_2.13-3.5.1/bin/../libs/aopalliance-repackaged-2.6.1.jar:/mnt/c/Users/Admin/assesment/kafka_2.13-3.5.1/bin/../libs/argparse4j-0.7.0.jar:/mnt/c/Users/Admin/assesment/kafka_2.13-3.5.1/bin/../libs/audience-annotations-0.13.0.jar:/mnt/c/Users/Admin/assesment/kafka_2.13-3.5.1/bin/../libs/commons-cli-1.4.jar:/mnt/c/Users/Admin/assesment/kafka_2.13-3.5.1/bin/../libs/commons-lang3-3.8.1.jar:/mnt/c/Users/Admin/assesment/kafka_2.13-3.5.1/bin/../libs/connect-api-3.5.1.jar:/mnt/c/Users/Admin/assesment/kafka_2.13-3.5.1/bin/../libs/connect-basic-auth-extension-3.5.1.jar:/mnt/c/Users/Admin/assesment/kafka_2.13-3.5.1/bin/../libs/connect-json-3.5.1.jar:/mnt/c/Users/Admin/assesment/kafka_2.13-3.5.1/bin/../libs/connect-mirror-3.5.1.jar:/mnt/c/Users/Admin/assesment/kafka_2.13-3.5.1/bin/../libs/connect-mirror-client-3.5.1.jar:/mnt/c/Users/Admin/assesment/kafka_2.13-3.5.1/bin/../libs/connect-runtime-3.5.1.jar:/mnt/c/Users/Admin/assesment/kafka_2.13-3.5.1/bin/../libs/connect-transforms-3.5.1.jar:/mnt/c/Users/Admin/assesment/kafka_2.13-3.5.1/bin/../libs/hk2-api-2.6.1.jar:/mnt/c/Users/Admin/assesment/kafka_2.13-3.5.1/bin/../libs/hk2-locator-2.6.1.jar:/mnt/c/Users/Admin/assesment/kafka_2.13-3.5.1/bin/../libs/hk2-utils-2.6.1.jar:/mnt/c/Users/Admin/assesment/kafka_2.13-3.5.1/bin/../libs/jackson-annotations-2.13.5.jar:/mnt/c/Users/Admin/assesment/kafka_2.13-3.5.1/bin/../libs/jackson-core-2.13.5.jar:/mnt/c/Users/Admin/assesment/kafka_2.13-3.5.1/bin/../libs/jackson-databind-2.13.5.jar:/mnt/c/Users/Admin/assesment/kafka_2.13-3.5.1/bin/../libs/jackson-dataformat-csv-2.13.5.jar:/mnt/c/Users/Admin/assesment/kafka_2.13-3.5.1/bin/../libs/jackson-datatype-jdk8-2.13.5.jar:/mnt/c/Users/Admin/assesment/kafka_2.13-3.5.1/bin/../libs/jackson-jaxrs-base-2.13.5.jar:/mnt/c/Users/Admin/assesment/kafka_2.13-3.5.1/bin/../libs/jackson-jaxrs-json-provider-2.13.5.jar:/mnt/c/Users/Admin/assesment/kafka_2.13-3.5.1/bin/../libs/jackson-module-jaxb-annotations-2.13.5.jar:/mnt/c/Users/Admin/assesment/kafka_2.13-3.5.1/bin/../libs/jackson-module-scala_2.13-2.13.5.jar:/mnt/c/Users/Admin/assesment/kafka_2.13-3.5.1/bin/../libs/jakarta.activation-api-1.2.2.jar:/mnt/c/Users/Admin/assesment/kafka_2.13-3.5.1/bin/../libs/jakarta.annotation-api-1.3.5.jar:/mnt/c/Users/Admin/assesment/kafka_2.13-3.5.1/bin/../libs/jakarta.inject-2.6.1.jar:/mnt/c/Users/Admin/assesment/kafka_2.13-3.5.1/bin/../libs/jakarta.validation-api-2.0.2.jar:/mnt/c/Users/Admin/assesment/kafka_2.13-3.5.1/bin/../libs/jakarta.ws.rs-api-2.1.6.jar:/mnt/c/Users/Admin/assesment/kafka_2.13-3.5.1/bin/../libs/jakarta.xml.bind-api-2.3.3.jar:/mnt/c/Users/Admin/assesment/kafka_2.13-3.5.1/bin/../libs/javassist-3.29.2-GA.jar:/mnt/c/Users/Admin/assesment/kafka_2.13-3.5.1/bin/../libs/javax.activation-api-1.2.0.jar:/mnt/c/Users/Admin/assesment/kafka_2.13-3.5.1/bin/../libs/javax.annotation-api-1.3.2.jar:/mnt/c/Users/Admin/assesment/kafka_2.13-3.5.1/bin/../libs/javax.servlet-api-3.1.0.jar:/mnt/c/Users/Admin/assesment/kafka_2.13-3.5.1/bin/../libs/javax.ws.rs-api-2.1.1.jar:/mnt/c/Users/Admin/assesment/kafka_2.13-3.5.1/bin/../libs/jaxb-api-2.3.1.jar:/mnt/c/Users/Admin/assesment/kafka_2.13-3.5.1/bin/../libs/jersey-client-2.39.1.jar:/mnt/c/Users/Admin/assesment/kafka_2.13-3.5.1/bin/../libs/jersey-common-2.39.1.jar:/mnt/c/Users/Admin/assesment/kafka_2.13-3.5.1/bin/../libs/jersey-container-servlet-2.39.1.jar:/mnt/c/Users/Admin/assesment/kafka_2.13-3.5.1/bin/../libs/jersey-container-servlet-core-2.39.1.jar:/mnt/c/Users/Admin/assesment/kafka_2.13-3.5.1/bin/../libs/jersey-hk2-2.39.1.jar:/mnt/c/Users/Admin/assesment/kafka_2.13-3.5.1/bin/../libs/jersey-server-2.39.1.jar:/mnt/c/Users/Admin/assesment/kafka_2.13-3.5.1/bin/../libs/jetty-client-9.4.51.v20230217.jar:/mnt/c/Users/Admin/assesment/kafka_2.13-3.5.1/bin/../libs/jetty-continuation-9.4.51.v20230217.jar:/mnt/c/Users/Admin/assesment/kafka_2.13-3.5.1/bin/../libs/jetty-http-9.4.51.v20230217.jar:/mnt/c/Users/Admin/assesment/kafka_2.13-3.5.1/bin/../libs/jetty-io-9.4.51.v20230217.jar:/mnt/c/Users/Admin/assesment/kafka_2.13-3.5.1/bin/../libs/jetty-security-9.4.51.v20230217.jar:/mnt/c/Users/Admin/assesment/kafka_2.13-3.5.1/bin/../libs/jetty-server-9.4.51.v20230217.jar:/mnt/c/Users/Admin/assesment/kafka_2.13-3.5.1/bin/../libs/jetty-servlet-9.4.51.v20230217.jar:/mnt/c/Users/Admin/assesment/kafka_2.13-3.5.1/bin/../libs/jetty-servlets-9.4.51.v20230217.jar:/mnt/c/Users/Admin/assesment/kafka_2.13-3.5.1/bin/../libs/jetty-util-9.4.51.v20230217.jar:/mnt/c/Users/Admin/assesment/kafka_2.13-3.5.1/bin/../libs/jetty-util-ajax-9.4.51.v20230217.jar:/mnt/c/Users/Admin/assesment/kafka_2.13-3.5.1/bin/../libs/jline-3.22.0.jar:/mnt/c/Users/Admin/assesment/kafka_2.13-3.5.1/bin/../libs/jopt-simple-5.0.4.jar:/mnt/c/Users/Admin/assesment/kafka_2.13-3.5.1/bin/../libs/jose4j-0.9.3.jar:/mnt/c/Users/Admin/assesment/kafka_2.13-3.5.1/bin/../libs/kafka-clients-3.5.1.jar:/mnt/c/Users/Admin/assesment/kafka_2.13-3.5.1/bin/../libs/kafka-group-coordinator-3.5.1.jar:/mnt/c/Users/Admin/assesment/kafka_2.13-3.5.1/bin/../libs/kafka-log4j-appender-3.5.1.jar:/mnt/c/Users/Admin/assesment/kafka_2.13-3.5.1/bin/../libs/kafka-metadata-3.5.1.jar:/mnt/c/Users/Admin/assesment/kafka_2.13-3.5.1/bin/../libs/kafka-raft-3.5.1.jar:/mnt/c/Users/Admin/assesment/kafka_2.13-3.5.1/bin/../libs/kafka-server-common-3.5.1.jar:/mnt/c/Users/Admin/assesment/kafka_2.13-3.5.1/bin/../libs/kafka-shell-3.5.1.jar:/mnt/c/Users/Admin/assesment/kafka_2.13-3.5.1/bin/../libs/kafka-storage-3.5.1.jar:/mnt/c/Users/Admin/assesment/kafka_2.13-3.5.1/bin/../libs/kafka-storage-api-3.5.1.jar:/mnt/c/Users/Admin/assesment/kafka_2.13-3.5.1/bin/../libs/kafka-streams-3.5.1.jar:/mnt/c/Users/Admin/assesment/kafka_2.13-3.5.1/bin/../libs/kafka-streams-examples-3.5.1.jar:/mnt/c/Users/Admin/assesment/kafka_2.13-3.5.1/bin/../libs/kafka-streams-scala_2.13-3.5.1.jar:/mnt/c/Users/Admin/assesment/kafka_2.13-3.5.1/bin/../libs/kafka-streams-test-utils-3.5.1.jar:/mnt/c/Users/Admin/assesment/kafka_2.13-3.5.1/bin/../libs/kafka-tools-3.5.1.jar:/mnt/c/Users/Admin/assesment/kafka_2.13-3.5.1/bin/../libs/kafka-tools-api-3.5.1.jar:/mnt/c/Users/Admin/assesment/kafka_2.13-3.5.1/bin/../libs/kafka_2.13-3.5.1.jar:/mnt/c/Users/Admin/assesment/kafka_2.13-3.5.1/bin/../libs/lz4-java-1.8.0.jar:/mnt/c/Users/Admin/assesment/kafka_2.13-3.5.1/bin/../libs/maven-artifact-3.8.8.jar:/mnt/c/Users/Admin/assesment/kafka_2.13-3.5.1/bin/../libs/metrics-core-2.2.0.jar:/mnt/c/Users/Admin/assesment/kafka_2.13-3.5.1/bin/../libs/metrics-core-4.1.12.1.jar:/mnt/c/Users/Admin/assesment/kafka_2.13-3.5.1/bin/../libs/netty-buffer-4.1.94.Final.jar:/mnt/c/Users/Admin/assesment/kafka_2.13-3.5.1/bin/../libs/netty-codec-4.1.94.Final.jar:/mnt/c/Users/Admin/assesment/kafka_2.13-3.5.1/bin/../libs/netty-common-4.1.94.Final.jar:/mnt/c/Users/Admin/assesment/kafka_2.13-3.5.1/bin/../libs/netty-handler-4.1.94.Final.jar:/mnt/c/Users/Admin/assesment/kafka_2.13-3.5.1/bin/../libs/netty-resolver-4.1.94.Final.jar:/mnt/c/Users/Admin/assesment/kafka_2.13-3.5.1/bin/../libs/netty-transport-4.1.94.Final.jar:/mnt/c/Users/Admin/assesment/kafka_2.13-3.5.1/bin/../libs/netty-transport-classes-epoll-4.1.94.Final.jar:/mnt/c/Users/Admin/assesment/kafka_2.13-3.5.1/bin/../libs/netty-transport-native-epoll-4.1.94.Final.jar:/mnt/c/Users/Admin/assesment/kafka_2.13-3.5.1/bin/../libs/netty-transport-native-unix-common-4.1.94.Final.jar:/mnt/c/Users/Admin/assesment/kafka_2.13-3.5.1/bin/../libs/osgi-resource-locator-1.0.3.jar:/mnt/c/Users/Admin/assesment/kafka_2.13-3.5.1/bin/../libs/paranamer-2.8.jar:/mnt/c/Users/Admin/assesment/kafka_2.13-3.5.1/bin/../libs/plexus-utils-3.3.1.jar:/mnt/c/Users/Admin/assesment/kafka_2.13-3.5.1/bin/../libs/reflections-0.9.12.jar:/mnt/c/Users/Admin/assesment/kafka_2.13-3.5.1/bin/../libs/reload4j-1.2.25.jar:/mnt/c/Users/Admin/assesment/kafka_2.13-3.5.1/bin/../libs/rocksdbjni-7.1.2.jar:/mnt/c/Users/Admin/assesment/kafka_2.13-3.5.1/bin/../libs/scala-collection-compat_2.13-2.10.0.jar:/mnt/c/Users/Admin/assesment/kafka_2.13-3.5.1/bin/../libs/scala-java8-compat_2.13-1.0.2.jar:/mnt/c/Users/Admin/assesment/kafka_2.13-3.5.1/bin/../libs/scala-library-2.13.10.jar:/mnt/c/Users/Admin/assesment/kafka_2.13-3.5.1/bin/../libs/scala-logging_2.13-3.9.4.jar:/mnt/c/Users/Admin/assesment/kafka_2.13-3.5.1/bin/../libs/scala-reflect-2.13.10.jar:/mnt/c/Users/Admin/assesment/kafka_2.13-3.5.1/bin/../libs/slf4j-api-1.7.36.jar:/mnt/c/Users/Admin/assesment/kafka_2.13-3.5.1/bin/../libs/slf4j-reload4j-1.7.36.jar:/mnt/c/Users/Admin/assesment/kafka_2.13-3.5.1/bin/../libs/snappy-java-1.1.10.1.jar:/mnt/c/Users/Admin/assesment/kafka_2.13-3.5.1/bin/../libs/swagger-annotations-2.2.8.jar:/mnt/c/Users/Admin/assesment/kafka_2.13-3.5.1/bin/../libs/trogdor-3.5.1.jar:/mnt/c/Users/Admin/assesment/kafka_2.13-3.5.1/bin/../libs/zookeeper-3.6.4.jar:/mnt/c/Users/Admin/assesment/kafka_2.13-3.5.1/bin/../libs/zookeeper-jute-3.6.4.jar:/mnt/c/Users/Admin/assesment/kafka_2.13-3.5.1/bin/../libs/zstd-jni-1.5.5-1.jar (org.apache.zookeeper.server.ZooKeeperServer)
[2024-09-11 23:39:00,346] INFO Server environment:java.library.path=/usr/java/packages/lib:/usr/lib/x86_64-linux-gnu/jni:/lib/x86_64-linux-gnu:/usr/lib/x86_64-linux-gnu:/usr/lib/jni:/lib:/usr/lib (org.apache.zookeeper.server.ZooKeeperServer)
[2024-09-11 23:39:00,346] INFO Server environment:java.io.tmpdir=/tmp (org.apache.zookeeper.server.ZooKeeperServer)
[2024-09-11 23:39:00,348] INFO Server environment:java.compiler=<NA> (org.apache.zookeeper.server.ZooKeeperServer)
[2024-09-11 23:39:00,349] INFO Server environment:os.name=Linux (org.apache.zookeeper.server.ZooKeeperServer)
[2024-09-11 23:39:00,349] INFO Server environment:os.arch=amd64 (org.apache.zookeeper.server.ZooKeeperServer)
[2024-09-11 23:39:00,349] INFO Server environment:os.version=5.15.153.1-microsoft-standard-WSL2 (org.apache.zookeeper.server.ZooKeeperServer)
[2024-09-11 23:39:00,350] INFO Server environment:user.name=praveshp (org.apache.zookeeper.server.ZooKeeperServer)
[2024-09-11 23:39:00,350] INFO Server environment:user.home=/home/praveshp (org.apache.zookeeper.server.ZooKeeperServer)
[2024-09-11 23:39:00,351] INFO Server environment:user.dir=/mnt/c/Users/Admin/assesment/kafka_2.13-3.5.1 (org.apache.zookeeper.server.ZooKeeperServer)
[2024-09-11 23:39:00,352] INFO Server environment:os.memory.free=489MB (org.apache.zookeeper.server.ZooKeeperServer)
[2024-09-11 23:39:00,352] INFO Server environment:os.memory.max=512MB (org.apache.zookeeper.server.ZooKeeperServer)
[2024-09-11 23:39:00,352] INFO Server environment:os.memory.total=512MB (org.apache.zookeeper.server.ZooKeeperServer)
[2024-09-11 23:39:00,353] INFO zookeeper.enableEagerACLCheck = false (org.apache.zookeeper.server.ZooKeeperServer)
[2024-09-11 23:39:00,353] INFO zookeeper.digest.enabled = true (org.apache.zookeeper.server.ZooKeeperServer)
[2024-09-11 23:39:00,353] INFO zookeeper.closeSessionTxn.enabled = true (org.apache.zookeeper.server.ZooKeeperServer)
[2024-09-11 23:39:00,354] INFO zookeeper.flushDelay=0 (org.apache.zookeeper.server.ZooKeeperServer)
[2024-09-11 23:39:00,354] INFO zookeeper.maxWriteQueuePollTime=0 (org.apache.zookeeper.server.ZooKeeperServer)
[2024-09-11 23:39:00,355] INFO zookeeper.maxBatchSize=1000 (org.apache.zookeeper.server.ZooKeeperServer)
[2024-09-11 23:39:00,355] INFO zookeeper.intBufferStartingSizeBytes = 1024 (org.apache.zookeeper.server.ZooKeeperServer)
[2024-09-11 23:39:00,357] INFO Weighed connection throttling is disabled (org.apache.zookeeper.server.BlueThrottle)
[2024-09-11 23:39:00,361] INFO minSessionTimeout set to 6000 (org.apache.zookeeper.server.ZooKeeperServer)
[2024-09-11 23:39:00,361] INFO maxSessionTimeout set to 60000 (org.apache.zookeeper.server.ZooKeeperServer)
[2024-09-11 23:39:00,365] INFO Response cache size is initialized with value 400. (org.apache.zookeeper.server.ResponseCache)
[2024-09-11 23:39:00,365] INFO Response cache size is initialized with value 400. (org.apache.zookeeper.server.ResponseCache)
[2024-09-11 23:39:00,369] INFO zookeeper.pathStats.slotCapacity = 60 (org.apache.zookeeper.server.util.RequestPathMetricsCollector)
[2024-09-11 23:39:00,369] INFO zookeeper.pathStats.slotDuration = 15 (org.apache.zookeeper.server.util.RequestPathMetricsCollector)
[2024-09-11 23:39:00,369] INFO zookeeper.pathStats.maxDepth = 6 (org.apache.zookeeper.server.util.RequestPathMetricsCollector)
[2024-09-11 23:39:00,370] INFO zookeeper.pathStats.initialDelay = 5 (org.apache.zookeeper.server.util.RequestPathMetricsCollector)
[2024-09-11 23:39:00,371] INFO zookeeper.pathStats.delay = 5 (org.apache.zookeeper.server.util.RequestPathMetricsCollector)
[2024-09-11 23:39:00,371] INFO zookeeper.pathStats.enabled = false (org.apache.zookeeper.server.util.RequestPathMetricsCollector)
[2024-09-11 23:39:00,375] INFO The max bytes for all large requests are set to 104857600 (org.apache.zookeeper.server.ZooKeeperServer)
[2024-09-11 23:39:00,375] INFO The large request threshold is set to -1 (org.apache.zookeeper.server.ZooKeeperServer)
[2024-09-11 23:39:00,376] INFO Created server with tickTime 3000 minSessionTimeout 6000 maxSessionTimeout 60000 clientPortListenBacklog -1 datadir /tmp/zookeeper/version-2 snapdir /tmp/zookeeper/version-2 (org.apache.zookeeper.server.ZooKeeperServer)
[2024-09-11 23:39:00,393] INFO Using org.apache.zookeeper.server.NIOServerCnxnFactory as server connection factory (org.apache.zookeeper.server.ServerCnxnFactory)
[2024-09-11 23:39:00,394] WARN maxCnxns is not configured, using default value 0. (org.apache.zookeeper.server.ServerCnxnFactory)
[2024-09-11 23:39:00,398] INFO Configuring NIO connection handler with 10s sessionless connection timeout, 2 selector thread(s), 24 worker threads, and 64 kB direct buffers. (org.apache.zookeeper.server.NIOServerCnxnFactory)
[2024-09-11 23:39:00,407] INFO binding to port 0.0.0.0/0.0.0.0:2181 (org.apache.zookeeper.server.NIOServerCnxnFactory)
[2024-09-11 23:39:00,457] INFO Using org.apache.zookeeper.server.watch.WatchManager as watch manager (org.apache.zookeeper.server.watch.WatchManagerFactory)
[2024-09-11 23:39:00,457] INFO Using org.apache.zookeeper.server.watch.WatchManager as watch manager (org.apache.zookeeper.server.watch.WatchManagerFactory)
[2024-09-11 23:39:00,458] INFO zookeeper.snapshotSizeFactor = 0.33 (org.apache.zookeeper.server.ZKDatabase)
[2024-09-11 23:39:00,459] INFO zookeeper.commitLogCount=500 (org.apache.zookeeper.server.ZKDatabase)
[2024-09-11 23:39:00,472] INFO zookeeper.snapshot.compression.method = CHECKED (org.apache.zookeeper.server.persistence.SnapStream)
[2024-09-11 23:39:00,473] INFO Snapshotting: 0x0 to /tmp/zookeeper/version-2/snapshot.0 (org.apache.zookeeper.server.persistence.FileTxnSnapLog)
[2024-09-11 23:39:00,480] INFO Snapshot loaded in 21 ms, highest zxid is 0x0, digest is 1371985504 (org.apache.zookeeper.server.ZKDatabase)
[2024-09-11 23:39:00,481] INFO Snapshotting: 0x0 to /tmp/zookeeper/version-2/snapshot.0 (org.apache.zookeeper.server.persistence.FileTxnSnapLog)
[2024-09-11 23:39:00,481] INFO Snapshot taken in 0 ms (org.apache.zookeeper.server.ZooKeeperServer)
[2024-09-11 23:39:00,510] INFO PrepRequestProcessor (sid:0) started, reconfigEnabled=false (org.apache.zookeeper.server.PrepRequestProcessor)
[2024-09-11 23:39:00,512] INFO zookeeper.request_throttler.shutdownTimeout = 10000 (org.apache.zookeeper.server.RequestThrottler)
[2024-09-11 23:39:00,539] INFO Using checkIntervalMs=60000 maxPerMinute=10000 maxNeverUsedIntervalMs=0 (org.apache.zookeeper.server.ContainerManager)
[2024-09-11 23:39:00,541] INFO ZooKeeper audit is disabled. (org.apache.zookeeper.audit.ZKAuditProvider)
[2024-09-11 23:40:02,915] INFO Registered kafka:type=kafka.Log4jController MBean (kafka.utils.Log4jControllerRegistration$)
[2024-09-11 23:40:03,491] INFO Setting -D jdk.tls.rejectClientInitiatedRenegotiation=true to disable client-initiated TLS renegotiation (org.apache.zookeeper.common.X509Util)
[2024-09-11 23:40:03,643] INFO Registered signal handlers for TERM, INT, HUP (org.apache.kafka.common.utils.LoggingSignalHandler)
[2024-09-11 23:40:03,646] INFO starting (kafka.server.KafkaServer)
[2024-09-11 23:40:03,647] INFO Connecting to zookeeper on localhost:2181 (kafka.server.KafkaServer)
[2024-09-11 23:40:03,712] INFO [ZooKeeperClient Kafka server] Initializing a new session to localhost:2181. (kafka.zookeeper.ZooKeeperClient)
[2024-09-11 23:40:03,734] INFO Client environment:zookeeper.version=3.6.4--d65253dcf68e9097c6e95a126463fd5fdeb4521c, built on 12/18/2022 18:10 GMT (org.apache.zookeeper.ZooKeeper)
[2024-09-11 23:40:03,734] INFO Client environment:host.name=DESKTOP-8P70CGR. (org.apache.zookeeper.ZooKeeper)
[2024-09-11 23:40:03,735] INFO Client environment:java.version=11.0.24 (org.apache.zookeeper.ZooKeeper)
[2024-09-11 23:40:03,735] INFO Client environment:java.vendor=Ubuntu (org.apache.zookeeper.ZooKeeper)
[2024-09-11 23:40:03,736] INFO Client environment:java.home=/usr/lib/jvm/java-11-openjdk-amd64 (org.apache.zookeeper.ZooKeeper)
[2024-09-11 23:40:03,736] INFO Client environment:java.class.path=/mnt/c/Users/Admin/assesment/kafka_2.13-3.5.1/bin/../libs/activation-1.1.1.jar:/mnt/c/Users/Admin/assesment/kafka_2.13-3.5.1/bin/../libs/aopalliance-repackaged-2.6.1.jar:/mnt/c/Users/Admin/assesment/kafka_2.13-3.5.1/bin/../libs/argparse4j-0.7.0.jar:/mnt/c/Users/Admin/assesment/kafka_2.13-3.5.1/bin/../libs/audience-annotations-0.13.0.jar:/mnt/c/Users/Admin/assesment/kafka_2.13-3.5.1/bin/../libs/commons-cli-1.4.jar:/mnt/c/Users/Admin/assesment/kafka_2.13-3.5.1/bin/../libs/commons-lang3-3.8.1.jar:/mnt/c/Users/Admin/assesment/kafka_2.13-3.5.1/bin/../libs/connect-api-3.5.1.jar:/mnt/c/Users/Admin/assesment/kafka_2.13-3.5.1/bin/../libs/connect-basic-auth-extension-3.5.1.jar:/mnt/c/Users/Admin/assesment/kafka_2.13-3.5.1/bin/../libs/connect-json-3.5.1.jar:/mnt/c/Users/Admin/assesment/kafka_2.13-3.5.1/bin/../libs/connect-mirror-3.5.1.jar:/mnt/c/Users/Admin/assesment/kafka_2.13-3.5.1/bin/../libs/connect-mirror-client-3.5.1.jar:/mnt/c/Users/Admin/assesment/kafka_2.13-3.5.1/bin/../libs/connect-runtime-3.5.1.jar:/mnt/c/Users/Admin/assesment/kafka_2.13-3.5.1/bin/../libs/connect-transforms-3.5.1.jar:/mnt/c/Users/Admin/assesment/kafka_2.13-3.5.1/bin/../libs/hk2-api-2.6.1.jar:/mnt/c/Users/Admin/assesment/kafka_2.13-3.5.1/bin/../libs/hk2-locator-2.6.1.jar:/mnt/c/Users/Admin/assesment/kafka_2.13-3.5.1/bin/../libs/hk2-utils-2.6.1.jar:/mnt/c/Users/Admin/assesment/kafka_2.13-3.5.1/bin/../libs/jackson-annotations-2.13.5.jar:/mnt/c/Users/Admin/assesment/kafka_2.13-3.5.1/bin/../libs/jackson-core-2.13.5.jar:/mnt/c/Users/Admin/assesment/kafka_2.13-3.5.1/bin/../libs/jackson-databind-2.13.5.jar:/mnt/c/Users/Admin/assesment/kafka_2.13-3.5.1/bin/../libs/jackson-dataformat-csv-2.13.5.jar:/mnt/c/Users/Admin/assesment/kafka_2.13-3.5.1/bin/../libs/jackson-datatype-jdk8-2.13.5.jar:/mnt/c/Users/Admin/assesment/kafka_2.13-3.5.1/bin/../libs/jackson-jaxrs-base-2.13.5.jar:/mnt/c/Users/Admin/assesment/kafka_2.13-3.5.1/bin/../libs/jackson-jaxrs-json-provider-2.13.5.jar:/mnt/c/Users/Admin/assesment/kafka_2.13-3.5.1/bin/../libs/jackson-module-jaxb-annotations-2.13.5.jar:/mnt/c/Users/Admin/assesment/kafka_2.13-3.5.1/bin/../libs/jackson-module-scala_2.13-2.13.5.jar:/mnt/c/Users/Admin/assesment/kafka_2.13-3.5.1/bin/../libs/jakarta.activation-api-1.2.2.jar:/mnt/c/Users/Admin/assesment/kafka_2.13-3.5.1/bin/../libs/jakarta.annotation-api-1.3.5.jar:/mnt/c/Users/Admin/assesment/kafka_2.13-3.5.1/bin/../libs/jakarta.inject-2.6.1.jar:/mnt/c/Users/Admin/assesment/kafka_2.13-3.5.1/bin/../libs/jakarta.validation-api-2.0.2.jar:/mnt/c/Users/Admin/assesment/kafka_2.13-3.5.1/bin/../libs/jakarta.ws.rs-api-2.1.6.jar:/mnt/c/Users/Admin/assesment/kafka_2.13-3.5.1/bin/../libs/jakarta.xml.bind-api-2.3.3.jar:/mnt/c/Users/Admin/assesment/kafka_2.13-3.5.1/bin/../libs/javassist-3.29.2-GA.jar:/mnt/c/Users/Admin/assesment/kafka_2.13-3.5.1/bin/../libs/javax.activation-api-1.2.0.jar:/mnt/c/Users/Admin/assesment/kafka_2.13-3.5.1/bin/../libs/javax.annotation-api-1.3.2.jar:/mnt/c/Users/Admin/assesment/kafka_2.13-3.5.1/bin/../libs/javax.servlet-api-3.1.0.jar:/mnt/c/Users/Admin/assesment/kafka_2.13-3.5.1/bin/../libs/javax.ws.rs-api-2.1.1.jar:/mnt/c/Users/Admin/assesment/kafka_2.13-3.5.1/bin/../libs/jaxb-api-2.3.1.jar:/mnt/c/Users/Admin/assesment/kafka_2.13-3.5.1/bin/../libs/jersey-client-2.39.1.jar:/mnt/c/Users/Admin/assesment/kafka_2.13-3.5.1/bin/../libs/jersey-common-2.39.1.jar:/mnt/c/Users/Admin/assesment/kafka_2.13-3.5.1/bin/../libs/jersey-container-servlet-2.39.1.jar:/mnt/c/Users/Admin/assesment/kafka_2.13-3.5.1/bin/../libs/jersey-container-servlet-core-2.39.1.jar:/mnt/c/Users/Admin/assesment/kafka_2.13-3.5.1/bin/../libs/jersey-hk2-2.39.1.jar:/mnt/c/Users/Admin/assesment/kafka_2.13-3.5.1/bin/../libs/jersey-server-2.39.1.jar:/mnt/c/Users/Admin/assesment/kafka_2.13-3.5.1/bin/../libs/jetty-client-9.4.51.v20230217.jar:/mnt/c/Users/Admin/assesment/kafka_2.13-3.5.1/bin/../libs/jetty-continuation-9.4.51.v20230217.jar:/mnt/c/Users/Admin/assesment/kafka_2.13-3.5.1/bin/../libs/jetty-http-9.4.51.v20230217.jar:/mnt/c/Users/Admin/assesment/kafka_2.13-3.5.1/bin/../libs/jetty-io-9.4.51.v20230217.jar:/mnt/c/Users/Admin/assesment/kafka_2.13-3.5.1/bin/../libs/jetty-security-9.4.51.v20230217.jar:/mnt/c/Users/Admin/assesment/kafka_2.13-3.5.1/bin/../libs/jetty-server-9.4.51.v20230217.jar:/mnt/c/Users/Admin/assesment/kafka_2.13-3.5.1/bin/../libs/jetty-servlet-9.4.51.v20230217.jar:/mnt/c/Users/Admin/assesment/kafka_2.13-3.5.1/bin/../libs/jetty-servlets-9.4.51.v20230217.jar:/mnt/c/Users/Admin/assesment/kafka_2.13-3.5.1/bin/../libs/jetty-util-9.4.51.v20230217.jar:/mnt/c/Users/Admin/assesment/kafka_2.13-3.5.1/bin/../libs/jetty-util-ajax-9.4.51.v20230217.jar:/mnt/c/Users/Admin/assesment/kafka_2.13-3.5.1/bin/../libs/jline-3.22.0.jar:/mnt/c/Users/Admin/assesment/kafka_2.13-3.5.1/bin/../libs/jopt-simple-5.0.4.jar:/mnt/c/Users/Admin/assesment/kafka_2.13-3.5.1/bin/../libs/jose4j-0.9.3.jar:/mnt/c/Users/Admin/assesment/kafka_2.13-3.5.1/bin/../libs/kafka-clients-3.5.1.jar:/mnt/c/Users/Admin/assesment/kafka_2.13-3.5.1/bin/../libs/kafka-group-coordinator-3.5.1.jar:/mnt/c/Users/Admin/assesment/kafka_2.13-3.5.1/bin/../libs/kafka-log4j-appender-3.5.1.jar:/mnt/c/Users/Admin/assesment/kafka_2.13-3.5.1/bin/../libs/kafka-metadata-3.5.1.jar:/mnt/c/Users/Admin/assesment/kafka_2.13-3.5.1/bin/../libs/kafka-raft-3.5.1.jar:/mnt/c/Users/Admin/assesment/kafka_2.13-3.5.1/bin/../libs/kafka-server-common-3.5.1.jar:/mnt/c/Users/Admin/assesment/kafka_2.13-3.5.1/bin/../libs/kafka-shell-3.5.1.jar:/mnt/c/Users/Admin/assesment/kafka_2.13-3.5.1/bin/../libs/kafka-storage-3.5.1.jar:/mnt/c/Users/Admin/assesment/kafka_2.13-3.5.1/bin/../libs/kafka-storage-api-3.5.1.jar:/mnt/c/Users/Admin/assesment/kafka_2.13-3.5.1/bin/../libs/kafka-streams-3.5.1.jar:/mnt/c/Users/Admin/assesment/kafka_2.13-3.5.1/bin/../libs/kafka-streams-examples-3.5.1.jar:/mnt/c/Users/Admin/assesment/kafka_2.13-3.5.1/bin/../libs/kafka-streams-scala_2.13-3.5.1.jar:/mnt/c/Users/Admin/assesment/kafka_2.13-3.5.1/bin/../libs/kafka-streams-test-utils-3.5.1.jar:/mnt/c/Users/Admin/assesment/kafka_2.13-3.5.1/bin/../libs/kafka-tools-3.5.1.jar:/mnt/c/Users/Admin/assesment/kafka_2.13-3.5.1/bin/../libs/kafka-tools-api-3.5.1.jar:/mnt/c/Users/Admin/assesment/kafka_2.13-3.5.1/bin/../libs/kafka_2.13-3.5.1.jar:/mnt/c/Users/Admin/assesment/kafka_2.13-3.5.1/bin/../libs/lz4-java-1.8.0.jar:/mnt/c/Users/Admin/assesment/kafka_2.13-3.5.1/bin/../libs/maven-artifact-3.8.8.jar:/mnt/c/Users/Admin/assesment/kafka_2.13-3.5.1/bin/../libs/metrics-core-2.2.0.jar:/mnt/c/Users/Admin/assesment/kafka_2.13-3.5.1/bin/../libs/metrics-core-4.1.12.1.jar:/mnt/c/Users/Admin/assesment/kafka_2.13-3.5.1/bin/../libs/netty-buffer-4.1.94.Final.jar:/mnt/c/Users/Admin/assesment/kafka_2.13-3.5.1/bin/../libs/netty-codec-4.1.94.Final.jar:/mnt/c/Users/Admin/assesment/kafka_2.13-3.5.1/bin/../libs/netty-common-4.1.94.Final.jar:/mnt/c/Users/Admin/assesment/kafka_2.13-3.5.1/bin/../libs/netty-handler-4.1.94.Final.jar:/mnt/c/Users/Admin/assesment/kafka_2.13-3.5.1/bin/../libs/netty-resolver-4.1.94.Final.jar:/mnt/c/Users/Admin/assesment/kafka_2.13-3.5.1/bin/../libs/netty-transport-4.1.94.Final.jar:/mnt/c/Users/Admin/assesment/kafka_2.13-3.5.1/bin/../libs/netty-transport-classes-epoll-4.1.94.Final.jar:/mnt/c/Users/Admin/assesment/kafka_2.13-3.5.1/bin/../libs/netty-transport-native-epoll-4.1.94.Final.jar:/mnt/c/Users/Admin/assesment/kafka_2.13-3.5.1/bin/../libs/netty-transport-native-unix-common-4.1.94.Final.jar:/mnt/c/Users/Admin/assesment/kafka_2.13-3.5.1/bin/../libs/osgi-resource-locator-1.0.3.jar:/mnt/c/Users/Admin/assesment/kafka_2.13-3.5.1/bin/../libs/paranamer-2.8.jar:/mnt/c/Users/Admin/assesment/kafka_2.13-3.5.1/bin/../libs/plexus-utils-3.3.1.jar:/mnt/c/Users/Admin/assesment/kafka_2.13-3.5.1/bin/../libs/reflections-0.9.12.jar:/mnt/c/Users/Admin/assesment/kafka_2.13-3.5.1/bin/../libs/reload4j-1.2.25.jar:/mnt/c/Users/Admin/assesment/kafka_2.13-3.5.1/bin/../libs/rocksdbjni-7.1.2.jar:/mnt/c/Users/Admin/assesment/kafka_2.13-3.5.1/bin/../libs/scala-collection-compat_2.13-2.10.0.jar:/mnt/c/Users/Admin/assesment/kafka_2.13-3.5.1/bin/../libs/scala-java8-compat_2.13-1.0.2.jar:/mnt/c/Users/Admin/assesment/kafka_2.13-3.5.1/bin/../libs/scala-library-2.13.10.jar:/mnt/c/Users/Admin/assesment/kafka_2.13-3.5.1/bin/../libs/scala-logging_2.13-3.9.4.jar:/mnt/c/Users/Admin/assesment/kafka_2.13-3.5.1/bin/../libs/scala-reflect-2.13.10.jar:/mnt/c/Users/Admin/assesment/kafka_2.13-3.5.1/bin/../libs/slf4j-api-1.7.36.jar:/mnt/c/Users/Admin/assesment/kafka_2.13-3.5.1/bin/../libs/slf4j-reload4j-1.7.36.jar:/mnt/c/Users/Admin/assesment/kafka_2.13-3.5.1/bin/../libs/snappy-java-1.1.10.1.jar:/mnt/c/Users/Admin/assesment/kafka_2.13-3.5.1/bin/../libs/swagger-annotations-2.2.8.jar:/mnt/c/Users/Admin/assesment/kafka_2.13-3.5.1/bin/../libs/trogdor-3.5.1.jar:/mnt/c/Users/Admin/assesment/kafka_2.13-3.5.1/bin/../libs/zookeeper-3.6.4.jar:/mnt/c/Users/Admin/assesment/kafka_2.13-3.5.1/bin/../libs/zookeeper-jute-3.6.4.jar:/mnt/c/Users/Admin/assesment/kafka_2.13-3.5.1/bin/../libs/zstd-jni-1.5.5-1.jar (org.apache.zookeeper.ZooKeeper)
[2024-09-11 23:40:03,737] INFO Client environment:java.library.path=/usr/java/packages/lib:/usr/lib/x86_64-linux-gnu/jni:/lib/x86_64-linux-gnu:/usr/lib/x86_64-linux-gnu:/usr/lib/jni:/lib:/usr/lib (org.apache.zookeeper.ZooKeeper)
[2024-09-11 23:40:03,738] INFO Client environment:java.io.tmpdir=/tmp (org.apache.zookeeper.ZooKeeper)
[2024-09-11 23:40:03,738] INFO Client environment:java.compiler=<NA> (org.apache.zookeeper.ZooKeeper)
[2024-09-11 23:40:03,739] INFO Client environment:os.name=Linux (org.apache.zookeeper.ZooKeeper)
[2024-09-11 23:40:03,739] INFO Client environment:os.arch=amd64 (org.apache.zookeeper.ZooKeeper)
[2024-09-11 23:40:03,740] INFO Client environment:os.version=5.15.153.1-microsoft-standard-WSL2 (org.apache.zookeeper.ZooKeeper)
[2024-09-11 23:40:03,740] INFO Client environment:user.name=praveshp (org.apache.zookeeper.ZooKeeper)
[2024-09-11 23:40:03,741] INFO Client environment:user.home=/home/praveshp (org.apache.zookeeper.ZooKeeper)
[2024-09-11 23:40:03,741] INFO Client environment:user.dir=/mnt/c/Users/Admin/assesment/kafka_2.13-3.5.1 (org.apache.zookeeper.ZooKeeper)
[2024-09-11 23:40:03,748] INFO Client environment:os.memory.free=1015MB (org.apache.zookeeper.ZooKeeper)
[2024-09-11 23:40:03,749] INFO Client environment:os.memory.max=1024MB (org.apache.zookeeper.ZooKeeper)
[2024-09-11 23:40:03,749] INFO Client environment:os.memory.total=1024MB (org.apache.zookeeper.ZooKeeper)
[2024-09-11 23:40:03,759] INFO Initiating client connection, connectString=localhost:2181 sessionTimeout=18000 watcher=kafka.zookeeper.ZooKeeperClient$ZooKeeperClientWatcher$@407a7f2a (org.apache.zookeeper.ZooKeeper)
[2024-09-11 23:40:03,775] INFO jute.maxbuffer value is 4194304 Bytes (org.apache.zookeeper.ClientCnxnSocket)
[2024-09-11 23:40:03,804] INFO zookeeper.request.timeout value is 0. feature enabled=false (org.apache.zookeeper.ClientCnxn)
[2024-09-11 23:40:03,807] INFO [ZooKeeperClient Kafka server] Waiting until connected. (kafka.zookeeper.ZooKeeperClient)
[2024-09-11 23:40:03,816] INFO Opening socket connection to server localhost/127.0.0.1:2181. (org.apache.zookeeper.ClientCnxn)
[2024-09-11 23:40:03,825] INFO Socket connection established, initiating session, client: /127.0.0.1:32982, server: localhost/127.0.0.1:2181 (org.apache.zookeeper.ClientCnxn)
[2024-09-11 23:40:21,809] INFO [ZooKeeperClient Kafka server] Closing. (kafka.zookeeper.ZooKeeperClient)
[2024-09-11 23:40:21,830] WARN Client session timed out, have not heard from server in 18001ms for session id 0x0 (org.apache.zookeeper.ClientCnxn)
[2024-09-11 23:40:21,960] INFO Session: 0x0 closed (org.apache.zookeeper.ZooKeeper)
[2024-09-11 23:40:21,961] INFO EventThread shut down for session: 0x0 (org.apache.zookeeper.ClientCnxn)
[2024-09-11 23:40:21,964] INFO [ZooKeeperClient Kafka server] Closed. (kafka.zookeeper.ZooKeeperClient)
[2024-09-11 23:40:21,976] ERROR Fatal error during KafkaServer startup. Prepare to shutdown (kafka.server.KafkaServer)
kafka.zookeeper.ZooKeeperClientTimeoutException: Timed out waiting for connection while in state: CONNECTING
	at kafka.zookeeper.ZooKeeperClient.waitUntilConnected(ZooKeeperClient.scala:258)
	at kafka.zookeeper.ZooKeeperClient.<init>(ZooKeeperClient.scala:116)
	at kafka.zk.KafkaZkClient$.apply(KafkaZkClient.scala:2266)
	at kafka.zk.KafkaZkClient$.createZkClient(KafkaZkClient.scala:2358)
	at kafka.server.KafkaServer.initZkClient(KafkaServer.scala:634)
	at kafka.server.KafkaServer.startup(KafkaServer.scala:221)
	at kafka.Kafka$.main(Kafka.scala:113)
	at kafka.Kafka.main(Kafka.scala)
[2024-09-11 23:40:21,983] INFO shutting down (kafka.server.KafkaServer)
[2024-09-11 23:40:21,999] INFO App info kafka.server for 0 unregistered (org.apache.kafka.common.utils.AppInfoParser)
[2024-09-11 23:40:22,000] INFO shut down completed (kafka.server.KafkaServer)
[2024-09-11 23:40:22,001] ERROR Exiting Kafka due to fatal exception during startup. (kafka.Kafka$)
kafka.zookeeper.ZooKeeperClientTimeoutException: Timed out waiting for connection while in state: CONNECTING
	at kafka.zookeeper.ZooKeeperClient.waitUntilConnected(ZooKeeperClient.scala:258)
	at kafka.zookeeper.ZooKeeperClient.<init>(ZooKeeperClient.scala:116)
	at kafka.zk.KafkaZkClient$.apply(KafkaZkClient.scala:2266)
	at kafka.zk.KafkaZkClient$.createZkClient(KafkaZkClient.scala:2358)
	at kafka.server.KafkaServer.initZkClient(KafkaServer.scala:634)
	at kafka.server.KafkaServer.startup(KafkaServer.scala:221)
	at kafka.Kafka$.main(Kafka.scala:113)
	at kafka.Kafka.main(Kafka.scala)
[2024-09-11 23:40:22,002] INFO shutting down (kafka.server.KafkaServer)
